hp-check[304291]: info: :
hp-check[304291]: info: :[01mHP Linux Imaging and Printing System (ver. 3.21.12)[0m
hp-check[304291]: info: :[01mDependency/Version Check Utility ver. 15.1[0m
hp-check[304291]: info: :
hp-check[304291]: info: :Copyright (c) 2001-18 HP Development Company, LP
hp-check[304291]: info: :This software comes with ABSOLUTELY NO WARRANTY.
hp-check[304291]: info: :This is free software, and you are welcome to distribute it
hp-check[304291]: info: :under certain conditions. See COPYING file for more details.
hp-check[304291]: info: :
hp-check[304291]: info: :[01mNote: hp-check can be run in three modes:[0m
hp-check[304291]: info: :1. Compile-time check mode (-c or --compile): Use this mode before compiling the HPLIP supplied tarball (.tar.gz or .run) to        
hp-check[304291]: info: :determine if the proper dependencies are installed to successfully compile HPLIP.                                                   
hp-check[304291]: info: :2. Run-time check mode (-r or --run): Use this mode to determine if a distro supplied package (.deb, .rpm, etc) or an already built 
hp-check[304291]: info: :HPLIP supplied tarball has the proper dependencies installed to successfully run.                                                   
hp-check[304291]: info: :3. Both compile- and run-time check mode (-b or --both) (Default): This mode will check both of the above cases (both compile- and  
hp-check[304291]: info: :run-time dependencies).                                                                                                             
hp-check[304291]: info: :
hp-check[304291]: info: :Check types:                                                                                                                        
hp-check[304291]: info: :a. EXTERNALDEP - External Dependencies                                                                                              
hp-check[304291]: info: :b. GENERALDEP - General Dependencies (required both at compile and run time)                                                        
hp-check[304291]: info: :c. COMPILEDEP - Compile time Dependencies                                                                                           
hp-check[304291]: info: :d. [All are run-time checks]                                                                                                        
hp-check[304291]: info: :PYEXT SCANCONF QUEUES PERMISSION                                                                                                    
hp-check[304291]: info: :
hp-check[304291]: info: :Status Types:
hp-check[304291]: info: :    OK
hp-check[304291]: info: :    MISSING       - Missing Dependency or Permission or Plug-in
hp-check[304291]: info: :    INCOMPAT      - Incompatible dependency-version or Plugin-version
hp-check[304291]: info: :
